This file contains any messages produced by compilers while
running configure, to aid debugging if configure makes a mistake.

It was created by rnnoise configure unknown, which was
generated by GNU Autoconf 2.73.  Invocation command line was

  $ ./configure

## --------- ##
## Platform. ##
## --------- ##

hostname = LAPTOP-EDQ3RI37
uname -m = x86_64
uname -r = 3.6.9-01d6c708.x86_64
uname -s = MINGW64_NT-10.0-26200
uname -v = 2026-05-24 10:45 UTC

/usr/bin/uname -p = unknown
/bin/uname -X     = unknown

/bin/arch              = x86_64
/usr/bin/arch -k       = unknown
/usr/convex/getsysinfo = unknown
/usr/bin/hostinfo      = unknown
/bin/machine           = unknown
/usr/bin/oslevel       = unknown
/bin/universe          = unknown

PATH: /ucrt64/bin/
PATH: /usr/local/bin/
PATH: /usr/bin/
PATH: /bin/
PATH: /c/Windows/System32/
PATH: /c/Windows/
PATH: /c/Windows/System32/Wbem/
PATH: /c/Windows/System32/WindowsPowerShell/v1.0/
PATH: /usr/bin/site_perl/
PATH: /usr/bin/vendor_perl/
PATH: /usr/bin/core_perl/


## ----------- ##
## Core tests. ##
## ----------- ##

configure:2042: loading site script /etc/config.site
| # This file is in public domain.
| # Original author: Karlson2k (Evgeny Grin)
| # Written for MSys2 to help running 'configure' scripts
| 
| # Defaults for MSys2/MinGW64-targeted programs
| 
| # Set proper selfname on bash and fallback to default name on other shells
| test -n "${BASH_SOURCE}" 2>/dev/null && config_site_me="${BASH_SOURCE[0]##*/}" || config_site_me=config.site
| 
| # Set default 'host' to speedup configure
| if test -z "$build_alias"; then
|   build_alias="${MSYSTEM_CHOST}"  && \
|     ${as_echo-echo} "$config_site_me:${as_lineno-$LINENO}: default build_alias set to $build_alias" >&5
| fi
| 
| # Set default 'prefix'
| if ( test -z "$prefix" || test "x$prefix" = "xNONE" ) && \
|     ( test -z "$exec_prefix" || test "x$exec_prefix" = "xNONE" ); then
|   prefix="${MSYSTEM_PREFIX}" && \
|     ${as_echo-echo} "$config_site_me:${as_lineno-$LINENO}: default prefix set to $prefix" >&5
| fi
config.site:13: default build_alias set to x86_64-w64-mingw32
config.site:20: default prefix set to /ucrt64
configure:2513: looking for aux files: config.guess config.sub ltmain.sh missing install-sh compile
configure:2526:  trying ./
configure:2555:   ./config.guess found
configure:2555:   ./config.sub found
configure:2555:   ./ltmain.sh found
configure:2555:   ./missing found
configure:2537:   ./install-sh found
configure:2555:   ./compile found
configure:2764: checking for gcc
configure:2785: found /usr/bin/gcc
configure:2797: result: gcc
configure:3156: checking for C compiler version
configure:3165: gcc --version >&5
gcc (GCC) 15.2.0
Copyright (C) 2025 Free Software Foundation, Inc.
This is free software; see the source for copying conditions.  There is NO
warranty; not even for MERCHANTABILITY or FITNESS FOR A PARTICULAR PURPOSE.

configure:3176: $? = 0
configure:3165: gcc -v >&5
Using built-in specs.
COLLECT_GCC=gcc
COLLECT_LTO_WRAPPER=/usr/lib/gcc/x86_64-pc-cygwin/15.2.0/lto-wrapper.exe
Target: x86_64-pc-cygwin
Configured with: /d/S/B/src/gcc-15.2.0/configure --build=x86_64-pc-cygwin --prefix=/usr --libexecdir=/usr/lib --enable-bootstrap --enable-static --enable-shared --enable-shared-libgcc --enable-version-specific-runtime-libs --with-arch=nocona --with-tune=generic --disable-multilib --enable-__cxa_atexit --with-dwarf2 --enable-languages=c,c++,lto --enable-graphite --enable-threads=posix --enable-libatomic --enable-libgomp --disable-libitm --enable-libquadmath --enable-libquadmath-support --disable-libssp --disable-win32-registry --disable-symvers --with-gnu-ld --with-gnu-as --disable-isl-version-check --enable-checking=release --without-libiconv-prefix --without-libintl-prefix --with-system-zlib --enable-linker-build-id --enable-libstdcxx-filesystem-ts
Thread model: posix
Supported LTO compression algorithms: zlib
gcc version 15.2.0 (GCC) 
configure:3176: $? = 0
configure:3165: gcc -V >&5
gcc: error: unrecognized command-line option '-V'
gcc: fatal error: no input files
compilation terminated.
configure:3176: $? = 1
configure:3165: gcc -qversion >&5
gcc: error: unrecognized command-line option '-qversion'; did you mean '--version'?
gcc: fatal error: no input files
compilation terminated.
configure:3176: $? = 1
configure:3165: gcc -version >&5
gcc: error: unrecognized command-line option '-version'
gcc: fatal error: no input files
compilation terminated.
configure:3176: $? = 1
configure:3196: checking whether the C compiler works
configure:3218: gcc    conftest.c  >&5
configure:3222: $? = 0
configure:3273: result: yes
configure:3277: checking for C compiler default output file name
configure:3279: result: a.exe
configure:3285: checking for suffix of executables
configure:3292: gcc -o conftest.exe    conftest.c  >&5
configure:3296: $? = 0
configure:3320: result: .exe
configure:3344: checking whether we are cross compiling
configure:3352: gcc -o conftest.exe    conftest.c  >&5
configure:3356: $? = 0
configure:3363: ./conftest.exe
configure:3367: $? = 0
configure:3382: result: no
configure:3388: checking for suffix of object files
configure:3411: gcc -c   conftest.c >&5
configure:3415: $? = 0
configure:3439: result: o
configure:3443: checking whether the compiler supports GNU C
configure:3463: gcc -c   conftest.c >&5
configure:3463: $? = 0
configure:3475: result: yes
configure:3486: checking whether gcc accepts -g
configure:3507: gcc -c -g  conftest.c >&5
configure:3507: $? = 0
configure:3554: result: yes
configure:3574: checking for gcc option to enable C23 features
configure:3589: gcc  -c -g -O2  conftest.c >&5
configure:3589: $? = 0
configure:3608: result: none needed
configure:3781: checking whether gcc understands -c and -o together
configure:3804: gcc -c conftest.c -o conftest2.o
configure:3807: $? = 0
configure:3804: gcc -c conftest.c -o conftest2.o
configure:3807: $? = 0
configure:3823: result: yes
configure:3845: checking for stdio.h
configure:3845: gcc -c -g -O2  conftest.c >&5
configure:3845: $? = 0
configure:3845: result: yes
configure:3845: checking for stdlib.h
configure:3845: gcc -c -g -O2  conftest.c >&5
configure:3845: $? = 0
configure:3845: result: yes
configure:3845: checking for string.h
configure:3845: gcc -c -g -O2  conftest.c >&5
configure:3845: $? = 0
configure:3845: result: yes
configure:3845: checking for inttypes.h
configure:3845: gcc -c -g -O2  conftest.c >&5
configure:3845: $? = 0
configure:3845: result: yes
configure:3845: checking for stdint.h
configure:3845: gcc -c -g -O2  conftest.c >&5
configure:3845: $? = 0
configure:3845: result: yes
configure:3845: checking for strings.h
configure:3845: gcc -c -g -O2  conftest.c >&5
configure:3845: $? = 0
configure:3845: result: yes
configure:3845: checking for sys/stat.h
configure:3845: gcc -c -g -O2  conftest.c >&5
configure:3845: $? = 0
configure:3845: result: yes
configure:3845: checking for sys/types.h
configure:3845: gcc -c -g -O2  conftest.c >&5
configure:3845: $? = 0
configure:3845: result: yes
configure:3845: checking for unistd.h
configure:3845: gcc -c -g -O2  conftest.c >&5
configure:3845: $? = 0
configure:3845: result: yes
configure:3845: checking for wchar.h
configure:3845: gcc -c -g -O2  conftest.c >&5
configure:3845: $? = 0
configure:3845: result: yes
configure:3845: checking for minix/config.h
configure:3845: gcc -c -g -O2  conftest.c >&5
conftest.c:47:10: fatal error: minix/config.h: No such file or directory
   47 | #include <minix/config.h>
      |          ^~~~~~~~~~~~~~~~
compilation terminated.
configure:3845: $? = 1
configure: failed program was:
| /* confdefs.h */
| #define PACKAGE_NAME "rnnoise"
| #define PACKAGE_TARNAME "rnnoise"
| #define PACKAGE_VERSION "unknown"
| #define PACKAGE_STRING "rnnoise unknown"
| #define PACKAGE_BUGREPORT "jmvalin@jmvalin.ca"
| #define PACKAGE_URL ""
| #define HAVE_STDIO_H 1
| #define HAVE_STDLIB_H 1
| #define HAVE_STRING_H 1
| #define HAVE_INTTYPES_H 1
| #define HAVE_STDINT_H 1
| #define HAVE_STRINGS_H 1
| #define HAVE_SYS_STAT_H 1
| #define HAVE_SYS_TYPES_H 1
| #define HAVE_UNISTD_H 1
| #define HAVE_WCHAR_H 1
| /* end confdefs.h.  */
| #include <stddef.h>
| #ifdef HAVE_STDIO_H
| # include <stdio.h>
| #endif
| #ifdef HAVE_STDLIB_H
| # include <stdlib.h>
| #endif
| #ifdef HAVE_STRING_H
| # include <string.h>
| #endif
| #ifdef HAVE_INTTYPES_H
| # include <inttypes.h>
| #endif
| #ifdef HAVE_STDINT_H
| # include <stdint.h>
| #endif
| #ifdef HAVE_STRINGS_H
| # include <strings.h>
| #endif
| #ifdef HAVE_SYS_TYPES_H
| # include <sys/types.h>
| #endif
| #ifdef HAVE_SYS_STAT_H
| # include <sys/stat.h>
| #endif
| #ifdef HAVE_UNISTD_H
| # include <unistd.h>
| #endif
| #include <minix/config.h>
configure:3845: result: no
configure:3876: checking whether it is safe to define __EXTENSIONS__
configure:3895: gcc -c -g -O2  conftest.c >&5
configure:3895: $? = 0
configure:3905: result: yes
configure:3908: checking whether _XOPEN_SOURCE should be defined
configure:3930: gcc -c -g -O2  conftest.c >&5
configure:3930: $? = 0
configure:3959: result: no
configure:4027: checking for gcc option to support large files
configure:4062: gcc -c -g -O2  conftest.c >&5
configure:4062: $? = 0
configure:4068: gcc -c -g -O2  -DFTYPE=ino_t conftest.c >&5
configure:4068: $? = 0
configure:4093: result: none needed
configure:4211: checking for a BSD-compatible install
configure:4285: result: /usr/bin/install -c
configure:4296: checking whether sleep supports fractional seconds
configure:4312: result: yes
configure:4315: checking filesystem timestamp resolution
configure:4450: result: 0.01
configure:4455: checking whether build environment is sane
configure:4500: result: yes
configure:4667: checking for a race-free mkdir -p
configure:4710: result: /usr/bin/mkdir -p
configure:4717: checking for gawk
configure:4738: found /usr/bin/gawk
configure:4750: result: gawk
configure:4761: checking whether make sets $(MAKE)
configure:4785: result: yes
configure:4807: checking whether make supports the include directive
configure:4822: make -f confmf.GNU && cat confinc.out
this is the am__doit target
configure:4825: $? = 0
configure:4844: result: yes (GNU style)
configure:4875: checking whether make supports nested variables
configure:4894: result: yes
configure:4908: checking xargs -n works
configure:4924: result: yes
configure:5004: checking whether UID '197609' is supported by ustar format
configure:5010: result: yes
configure:5017: checking whether GID '197121' is supported by ustar format
configure:5023: result: yes
configure:5031: checking how to create a ustar tar archive
configure:5042: tar --version
tar (GNU tar) 1.35
Copyright (C) 2023 Free Software Foundation, Inc.
License GPLv3+: GNU GPL version 3 or later <https://gnu.org/licenses/gpl.html>.
This is free software: you are free to change and redistribute it.
There is NO WARRANTY, to the extent permitted by law.

Written by John Gilmore and Jay Fenlason.
configure:5045: $? = 0
configure:5085: tardir=conftest.dir && eval tar --format=ustar -chf - "$tardir" >conftest.tar
configure:5088: $? = 0
configure:5092: tar -xf - <conftest.tar
configure:5095: $? = 0
configure:5097: cat conftest.dir/file
GrepMe
configure:5100: $? = 0
configure:5115: result: gnutar
configure:5124: checking dependency style of gcc
configure:5237: result: gcc3
configure:5272: checking whether to enable maintainer-specific portions of Makefiles
configure:5283: result: yes
configure:5297: checking for inline
configure:5314: gcc -c -g -O2  conftest.c >&5
configure:5314: $? = 0
configure:5324: result: inline
configure:5375: checking build system type
configure:5391: result: x86_64-w64-mingw32
configure:5411: checking host system type
configure:5426: result: x86_64-w64-mingw32
configure:5467: checking how to print strings
configure:5494: result: printf
configure:5515: checking for a sed that does not truncate output
configure:5587: result: /usr/bin/sed
configure:5605: checking for grep that handles long lines and -e
configure:5671: result: /usr/bin/grep
configure:5676: checking for egrep
configure:5746: result: /usr/bin/grep -E
configure:5753: checking for fgrep
configure:5823: result: /usr/bin/grep -F
configure:5860: checking for ld used by gcc
configure:5929: result: /usr/x86_64-pc-cygwin/bin/ld.exe
configure:5936: checking if the linker (/usr/x86_64-pc-cygwin/bin/ld.exe) is GNU ld
configure:5953: result: yes
configure:5965: checking for BSD- or MS-compatible name lister (nm)
configure:6021: result: /usr/bin/nm -B
configure:6163: checking the name lister (/usr/bin/nm -B) interface
configure:6171: gcc -c -g -O2  conftest.c >&5
configure:6174: /usr/bin/nm -B "conftest.o"
configure:6177: output
0000000000000000 b .bss
0000000000000000 d .data
0000000000000000 N .debug_abbrev
0000000000000000 N .debug_aranges
0000000000000000 N .debug_info
0000000000000000 N .debug_line
0000000000000000 N .debug_line_str
0000000000000000 r .rdata$zzz
0000000000000000 t .text
0000000000000000 B some_variable
configure:6185: result: BSD nm
configure:6188: checking whether ln -s works
configure:6195: result: no, using cp -pR
configure:6200: checking the maximum length of command line arguments
configure:6333: result: 8192
configure:6381: checking how to convert x86_64-w64-mingw32 file names to x86_64-w64-mingw32 format
configure:6423: result: func_convert_file_msys_to_w32
configure:6430: checking how to convert x86_64-w64-mingw32 file names to toolchain format
configure:6452: result: func_convert_file_msys_to_w32
configure:6459: checking for /usr/x86_64-pc-cygwin/bin/ld.exe option to reload object files
configure:6468: result: -r
configure:6501: checking for file
configure:6522: found /usr/bin/file
configure:6535: result: file
configure:6598: checking for objdump
configure:6619: found /usr/bin/objdump
configure:6631: result: objdump
configure:6663: checking how to recognize dependent libraries
configure:6872: result: file_magic ^x86 archive import|^x86 DLL
configure:6963: checking for dlltool
configure:6984: found /usr/bin/dlltool
configure:6996: result: dlltool
configure:7029: checking how to associate runtime and link libraries
configure:7058: result: func_cygming_dll_for_implib
configure:7118: checking for ranlib
configure:7139: found /usr/bin/ranlib
configure:7151: result: ranlib
configure:7228: checking for ar
configure:7249: found /usr/bin/ar
configure:7261: result: ar
configure:7314: checking for archiver @FILE support
configure:7332: gcc -c -g -O2  conftest.c >&5
configure:7332: $? = 0
configure:7336: ar cr libconftest.a @conftest.lst >&5
configure:7339: $? = 0
configure:7344: ar cr libconftest.a @conftest.lst >&5
ar: conftest.o: No such file or directory
configure:7347: $? = 1
configure:7360: result: @
configure:7424: checking for strip
configure:7445: found /usr/bin/strip
configure:7457: result: strip
configure:7560: checking command to parse /usr/bin/nm -B output from gcc object
configure:7714: gcc -c -g -O2  conftest.c >&5
configure:7717: $? = 0
configure:7721: /usr/bin/nm -B conftest.o | /usr/bin/sed -n -e 's/^.*[	 ]\([ABCDGIRSTW][ABCDGIRSTW]*\)[	 ][	 ]*\([_A-Za-z][_A-Za-z0-9]*\)\{0,1\}$/\1 \2 \2/p' | /usr/bin/sed '/ __gnu_lto/d' > conftest.nm
configure:7787: gcc -o conftest.exe -g -O2   conftest.c conftstm.o >&5
configure:7790: $? = 0
configure:7829: result: ok
configure:7876: checking for sysroot
configure:7910: result: no
configure:7917: checking for a working dd
configure:7962: result: /usr/bin/dd
configure:7966: checking how to truncate binary pipes
configure:7983: result: /usr/bin/dd bs=4096 count=1
configure:8323: checking for mt
configure:8359: result: no
configure:8379: checking if : is a manifest tool
configure:8386: : '-?'
configure:8395: result: no
configure:9188: checking for dlfcn.h
configure:9188: gcc -c -g -O2  conftest.c >&5
configure:9188: $? = 0
configure:9188: result: yes
configure:9491: checking for objdir
configure:9508: result: .libs
configure:9774: checking if gcc supports -fno-rtti -fno-exceptions
configure:9793: gcc -c -g -O2  -fno-rtti -fno-exceptions conftest.c >&5
cc1: warning: command-line option '-fno-rtti' is valid for C++/D/ObjC++ but not for C
configure:9797: $? = 0
configure:9811: result: no
configure:10184: checking for gcc option to produce PIC
configure:10193: result: -DDLL_EXPORT -DPIC
configure:10201: checking if gcc PIC flag -DDLL_EXPORT -DPIC works
configure:10220: gcc -c -g -O2  -DDLL_EXPORT -DPIC -DPIC conftest.c >&5
configure:10224: $? = 0
configure:10238: result: yes
configure:10267: checking if gcc static flag -static works
configure:10297: result: yes
configure:10312: checking if gcc supports -c -o file.o
configure:10334: gcc -c -g -O2  -o out/conftest2.o conftest.c >&5
configure:10338: $? = 0
configure:10361: result: yes
configure:10369: checking if gcc supports -c -o file.o
configure:10418: result: yes
configure:10451: checking whether the gcc linker (/usr/x86_64-pc-cygwin/bin/ld.exe) supports shared libraries
configure:11735: result: yes
configure:11772: checking whether -lc should be explicitly linked in
configure:11781: gcc -c -g -O2  conftest.c >&5
configure:11784: $? = 0
configure:11799: gcc -shared conftest.o  -v -o ./conftest -Wl,--enable-auto-image-base -Xlinker --out-implib -Xlinker conftest 2\>\&1 \| /usr/bin/grep  -lc  \>/dev/null 2\>\&1
configure:11802: $? = 1
configure:11817: result: yes
configure:11977: checking dynamic linker characteristics
configure:13361: result: Win32 ld.exe
configure:13483: checking how to hardcode library paths into programs
configure:13508: result: immediate
configure:14108: checking whether stripping libraries is possible
configure:14117: result: yes
configure:14159: checking if libtool supports shared libraries
configure:14161: result: yes
configure:14164: checking whether to build shared libraries
configure:14189: result: yes
configure:14192: checking whether to build static libraries
configure:14196: result: yes
configure:14255: checking if gcc supports -pedantic flag
configure:14272: gcc -o conftest.exe -g -O2 -pedantic   conftest.c  >&5
configure:14272: $? = 0
configure:14295: result: yes
configure:14255: checking if gcc supports -Wall flag
configure:14272: gcc -o conftest.exe -g -O2 -pedantic -Wall   conftest.c  >&5
configure:14272: $? = 0
configure:14295: result: yes
configure:14255: checking if gcc supports -Wextra flag
configure:14272: gcc -o conftest.exe -g -O2 -pedantic -Wall -Wextra   conftest.c  >&5
configure:14272: $? = 0
configure:14295: result: yes
configure:14255: checking if gcc supports -Wno-sign-compare flag
configure:14272: gcc -o conftest.exe -g -O2 -pedantic -Wall -Wextra -Wno-sign-compare   conftest.c  >&5
configure:14272: $? = 0
configure:14295: result: yes
configure:14255: checking if gcc supports -Wno-parentheses flag
configure:14272: gcc -o conftest.exe -g -O2 -pedantic -Wall -Wextra -Wno-sign-compare -Wno-parentheses   conftest.c  >&5
configure:14272: $? = 0
configure:14295: result: yes
configure:14255: checking if gcc supports -Wno-long-long flag
configure:14272: gcc -o conftest.exe -g -O2 -pedantic -Wall -Wextra -Wno-sign-compare -Wno-parentheses -Wno-long-long   conftest.c  >&5
configure:14272: $? = 0
configure:14295: result: yes
configure:14313: checking if gcc supports -U__STRICT_ANSI__ flag
configure:14330: gcc -o conftest.exe -g -O2 -pedantic -Wall -Wextra -Wno-sign-compare -Wno-parentheses -Wno-long-long -U__STRICT_ANSI__   conftest.c  >&5
configure:14330: $? = 0
configure:14353: result: yes
configure:14641: checking for gcc way to treat warnings as errors
configure:14658: gcc -o conftest.exe -g -O2 -pedantic -Wall -Wextra -Wno-sign-compare -Wno-parentheses -Wno-long-long -U__STRICT_ANSI__ -Werror   conftest.c  >&5
configure:14658: $? = 0
configure:14714: result: -Werror
configure:14720: checking if gcc supports __attribute__(( visibility("default") ))
configure:14732: gcc -c -g -O2 -pedantic -Wall -Wextra -Wno-sign-compare -Wno-parentheses -Wno-long-long -U__STRICT_ANSI__ -Werror  conftest.c >&5
configure:14732: $? = 0
configure:14744: result: yes
configure:14755: checking if gcc supports -fvisibility=hidden
configure:14774: gcc -o conftest.exe -g -O2 -pedantic -Wall -Wextra -Wno-sign-compare -Wno-parentheses -Wno-long-long -U__STRICT_ANSI__ -Werror -fvisibility=hidden   conftest.c  >&5
configure:14774: $? = 0
configure:14800: result: yes
configure:14832: checking for doxygen
configure:14866: result: no
configure:14876: checking for dot
configure:14910: result: no
configure:15017: checking that generated files are newer than configure
configure:15023: result: done
configure:15086: creating ./config.status

## ---------------------- ##
## Running config.status. ##
## ---------------------- ##

This file was extended by rnnoise config.status unknown, which was
generated by GNU Autoconf 2.73.  Invocation command line was

  CONFIG_FILES    = 
  CONFIG_HEADERS  = 
  CONFIG_LINKS    = 
  CONFIG_COMMANDS = 
  $ ./config.status 

on LAPTOP-EDQ3RI37

config.status:1131: creating Makefile
config.status:1131: creating rnnoise.pc
config.status:1131: creating rnnoise-uninstalled.pc
config.status:1131: creating doc/Doxyfile
config.status:1131: creating config.h
config.status:1360: executing depfiles commands
config.status:1435: cd .       && sed -e '/# am--include-marker/d' Makefile         | make -f - am--depfiles
config.status:1442: $? = 0
config.status:1360: executing libtool commands
configure:17235:
------------------------------------------------------------------------
  rnnoise unknown: Automatic configuration OK.

    Assertions ................... no

    Hidden visibility ............ yes

    API code examples ............ yes
    API documentation ............ yes
------------------------------------------------------------------------


## ---------------- ##
## Cache variables. ##
## ---------------- ##

ac_cv_build=x86_64-w64-mingw32
ac_cv_c_compiler_gnu=yes
ac_cv_c_inline=inline
ac_cv_env_CC_set=
ac_cv_env_CC_value=
ac_cv_env_CFLAGS_set=
ac_cv_env_CFLAGS_value=
ac_cv_env_CPPFLAGS_set=
ac_cv_env_CPPFLAGS_value=
ac_cv_env_LDFLAGS_set=
ac_cv_env_LDFLAGS_value=
ac_cv_env_LIBS_set=
ac_cv_env_LIBS_value=
ac_cv_env_LT_SYS_LIBRARY_PATH_set=
ac_cv_env_LT_SYS_LIBRARY_PATH_value=
ac_cv_env_build_alias_set=
ac_cv_env_build_alias_value=
ac_cv_env_host_alias_set=
ac_cv_env_host_alias_value=
ac_cv_env_target_alias_set=
ac_cv_env_target_alias_value=
ac_cv_exeext=.exe
ac_cv_header_dlfcn_h=yes
ac_cv_header_inttypes_h=yes
ac_cv_header_minix_config_h=no
ac_cv_header_stdint_h=yes
ac_cv_header_stdio_h=yes
ac_cv_header_stdlib_h=yes
ac_cv_header_string_h=yes
ac_cv_header_strings_h=yes
ac_cv_header_sys_stat_h=yes
ac_cv_header_sys_types_h=yes
ac_cv_header_unistd_h=yes
ac_cv_header_wchar_h=yes
ac_cv_host=x86_64-w64-mingw32
ac_cv_objext=o
ac_cv_path_EGREP='/usr/bin/grep -E'
ac_cv_path_EGREP_TRADITIONAL='/usr/bin/grep -E'
ac_cv_path_FGREP='/usr/bin/grep -F'
ac_cv_path_GREP=/usr/bin/grep
ac_cv_path_SED=/usr/bin/sed
ac_cv_path_install='/usr/bin/install -c'
ac_cv_path_lt_DD=/usr/bin/dd
ac_cv_path_mkdir=/usr/bin/mkdir
ac_cv_prog_AWK=gawk
ac_cv_prog_FILECMD=file
ac_cv_prog_HAVE_DOT=no
ac_cv_prog_HAVE_DOXYGEN=no
ac_cv_prog_ac_ct_AR=ar
ac_cv_prog_ac_ct_CC=gcc
ac_cv_prog_ac_ct_DLLTOOL=dlltool
ac_cv_prog_ac_ct_OBJDUMP=objdump
ac_cv_prog_ac_ct_RANLIB=ranlib
ac_cv_prog_ac_ct_STRIP=strip
ac_cv_prog_cc_c23=
ac_cv_prog_cc_g=yes
ac_cv_prog_cc_stdc=
ac_cv_prog_make_make_set=yes
ac_cv_safe_to_define___extensions__=yes
ac_cv_should_define__xopen_source=no
ac_cv_sys_largefile_opts='none needed'
am_cv_CC_dependencies_compiler_type=gcc3
am_cv_filesystem_timestamp_resolution=0.01
am_cv_make_support_nested_variables=yes
am_cv_prog_cc_c_o=yes
am_cv_prog_tar_ustar=gnutar
am_cv_sleep_fractional_seconds=yes
am_cv_xargs_n_works=yes
cc_cv_attribute_visibility_default=yes
cc_cv_cflags__U__STRICT_ANSI__=yes
cc_cv_cflags__Wall=yes
cc_cv_cflags__Werror=yes
cc_cv_cflags__Wextra=yes
cc_cv_cflags__Wno_long_long=yes
cc_cv_cflags__Wno_parentheses=yes
cc_cv_cflags__Wno_sign_compare=yes
cc_cv_cflags__fvisibility_hidden=yes
cc_cv_cflags__pedantic=yes
cc_cv_flag_visibility=yes
cc_cv_werror=-Werror
lt_cv_ar_at_file=@
lt_cv_archive_cmds_need_lc=yes
lt_cv_deplibs_check_method='file_magic ^x86 archive import|^x86 DLL'
lt_cv_file_magic_cmd=func_win32_libid
lt_cv_file_magic_test_file=
lt_cv_ld_reload_flag=-r
lt_cv_nm_interface='BSD nm'
lt_cv_objdir=.libs
lt_cv_path_LD=/usr/x86_64-pc-cygwin/bin/ld.exe
lt_cv_path_NM='/usr/bin/nm -B'
lt_cv_path_manifest_tool=no
lt_cv_prog_compiler_c_o=yes
lt_cv_prog_compiler_pic='-DDLL_EXPORT -DPIC'
lt_cv_prog_compiler_pic_works=yes
lt_cv_prog_compiler_rtti_exceptions=no
lt_cv_prog_compiler_static_works=yes
lt_cv_prog_gnu_ld=yes
lt_cv_sharedlib_from_linklib_cmd=func_cygming_dll_for_implib
lt_cv_sys_global_symbol_pipe='/usr/bin/sed -n -e '\''s/^.*[	 ]\([ABCDGIRSTW][ABCDGIRSTW]*\)[	 ][	 ]*\([_A-Za-z][_A-Za-z0-9]*\)\{0,1\}$/\1 \2 \2/p'\'' | /usr/bin/sed '\''/ __gnu_lto/d'\'''
lt_cv_sys_global_symbol_to_c_name_address='/usr/bin/sed -n -e '\''s/^: \(.*\) .*$/  {"\1", (void *) 0},/p'\'' -e '\''s/^[ABCDGIRSTW][ABCDGIRSTW]* .* \(.*\)$/  {"\1", (void *) \&\1},/p'\'''
lt_cv_sys_global_symbol_to_c_name_address_lib_prefix='/usr/bin/sed -n -e '\''s/^: \(.*\) .*$/  {"\1", (void *) 0},/p'\'' -e '\''s/^[ABCDGIRSTW][ABCDGIRSTW]* .* \(lib.*\)$/  {"\1", (void *) \&\1},/p'\'' -e '\''s/^[ABCDGIRSTW][ABCDGIRSTW]* .* \(.*\)$/  {"lib\1", (void *) \&\1},/p'\'''
lt_cv_sys_global_symbol_to_cdecl='/usr/bin/sed -n -e '\''s/^T .* \(.*\)$/extern int \1();/p'\'' -e '\''s/^[ABCDGIRSTW][ABCDGIRSTW]* .* \(.*\)$/extern char \1;/p'\'''
lt_cv_sys_global_symbol_to_import=
lt_cv_sys_max_cmd_len=8192
lt_cv_to_host_file_cmd=func_convert_file_msys_to_w32
lt_cv_to_tool_file_cmd=func_convert_file_msys_to_w32
lt_cv_truncate_bin='/usr/bin/dd bs=4096 count=1'

## ----------------- ##
## Output variables. ##
## ----------------- ##

ACLOCAL='${SHELL} '\''/d/Projects/Button/Software/ESP-IDF/crumb_v1/rnnoise/missing'\'' aclocal-1.18'
AMDEPBACKSLASH='\'
AMDEP_FALSE='#'
AMDEP_TRUE=''
AMTAR='$${TAR-tar}'
AM_BACKSLASH='\'
AM_DEFAULT_V='$(AM_DEFAULT_VERBOSITY)'
AM_DEFAULT_VERBOSITY='0'
AM_V='$(V)'
AR='ar'
AUTOCONF='${SHELL} '\''/d/Projects/Button/Software/ESP-IDF/crumb_v1/rnnoise/missing'\'' autoconf'
AUTOHEADER='${SHELL} '\''/d/Projects/Button/Software/ESP-IDF/crumb_v1/rnnoise/missing'\'' autoheader'
AUTOMAKE='${SHELL} '\''/d/Projects/Button/Software/ESP-IDF/crumb_v1/rnnoise/missing'\'' automake-1.18'
AWK='gawk'
CC='gcc'
CCDEPMODE='depmode=gcc3'
CFLAGS='-g -O2 -pedantic -Wall -Wextra -Wno-sign-compare -Wno-parentheses -Wno-long-long -U__STRICT_ANSI__ -fvisibility=hidden'
CPPFLAGS=''
CSCOPE='cscope'
CTAGS='ctags'
CYGPATH_W='cygpath -w'
DEFS='-DHAVE_CONFIG_H'
DEPDIR='.deps'
DLLTOOL='dlltool'
DSYMUTIL=''
DUMPBIN=''
ECHO_C=''
ECHO_N='-n'
ECHO_T=''
EGREP='/usr/bin/grep -E'
ETAGS='etags'
EXEEXT='.exe'
FGREP='/usr/bin/grep -F'
FILECMD='file'
GREP='/usr/bin/grep'
HAVE_DOT='no'
HAVE_DOXYGEN='no'
HAVE_DOXYGEN_FALSE=''
HAVE_DOXYGEN_TRUE='#'
INSTALL_DATA='${INSTALL} -m 644'
INSTALL_PROGRAM='${INSTALL}'
INSTALL_SCRIPT='${INSTALL}'
INSTALL_STRIP_PROGRAM='$(install_sh) -c -s'
LD='/usr/x86_64-pc-cygwin/bin/ld.exe'
LDFLAGS=''
LIBM=''
LIBOBJS=''
LIBS=''
LIBTOOL='$(SHELL) $(top_builddir)/libtool'
LIPO=''
LN_S='cp -pR'
LTLIBOBJS=''
LT_SYS_LIBRARY_PATH=''
MAINT=''
MAINTAINER_MODE_FALSE='#'
MAINTAINER_MODE_TRUE=''
MAKEINFO='${SHELL} '\''/d/Projects/Button/Software/ESP-IDF/crumb_v1/rnnoise/missing'\'' makeinfo'
MANIFEST_TOOL=':'
MKDIR_P='/usr/bin/mkdir -p'
NM='/usr/bin/nm -B'
NMEDIT=''
OBJDUMP='objdump'
OBJEXT='o'
OPUS_X86_AVX2_CFLAGS='-mavx -mfma -mavx2'
OPUS_X86_SSE4_1_CFLAGS='-msse4.1'
OP_ENABLE_EXAMPLES_FALSE='#'
OP_ENABLE_EXAMPLES_TRUE=''
OP_LT_AGE='4'
OP_LT_CURRENT='4'
OP_LT_REVISION='1'
OP_WIN32_FALSE='#'
OP_WIN32_TRUE=''
OTOOL64=''
OTOOL=''
PACKAGE='rnnoise'
PACKAGE_BUGREPORT='jmvalin@jmvalin.ca'
PACKAGE_NAME='rnnoise'
PACKAGE_STRING='rnnoise unknown'
PACKAGE_TARNAME='rnnoise'
PACKAGE_URL=''
PACKAGE_VERSION='unknown'
PATH_SEPARATOR=':'
RANLIB='ranlib'
RNN_ENABLE_X86_RTCD_FALSE=''
RNN_ENABLE_X86_RTCD_TRUE='#'
SED='/usr/bin/sed'
SET_MAKE=''
SHELL='/bin/sh'
STRIP='strip'
VERSION='unknown'
ac_ct_AR='ar'
ac_ct_CC='gcc'
ac_ct_DUMPBIN=''
am__EXEEXT_FALSE='#'
am__EXEEXT_TRUE=''
am__fastdepCC_FALSE='#'
am__fastdepCC_TRUE=''
am__include='include'
am__isrc=''
am__leading_dot='.'
am__nodep='_no'
am__quote=''
am__rm_f_notfound=''
am__tar='tar --format=ustar -chf - "$$tardir"'
am__untar='tar -xf -'
am__xargs_n='xargs -n'
bindir='${exec_prefix}/bin'
build='x86_64-w64-mingw32'
build_alias='x86_64-w64-mingw32'
build_cpu='x86_64'
build_os='mingw32'
build_vendor='w64'
datadir='${datarootdir}'
datarootdir='${prefix}/share'
docdir='${datarootdir}/doc/${PACKAGE_TARNAME}'
dvidir='${docdir}'
exec_prefix='${prefix}'
host='x86_64-w64-mingw32'
host_alias=''
host_cpu='x86_64'
host_os='mingw32'
host_vendor='w64'
htmldir='${docdir}'
includedir='${prefix}/include'
infodir='${datarootdir}/info'
install_sh='${SHELL} /d/Projects/Button/Software/ESP-IDF/crumb_v1/rnnoise/install-sh'
libdir='${exec_prefix}/lib'
libexecdir='${exec_prefix}/libexec'
localedir='${datarootdir}/locale'
localstatedir='${prefix}/var'
lrintf_lib=''
mandir='${datarootdir}/man'
mkdir_p='$(MKDIR_P)'
oldincludedir='/usr/include'
pdfdir='${docdir}'
prefix='/ucrt64'
program_transform_name='s,x,x,'
psdir='${docdir}'
runstatedir='${localstatedir}/run'
sbindir='${exec_prefix}/sbin'
sharedstatedir='${prefix}/com'
sysconfdir='${prefix}/etc'
target_alias=''

## ----------- ##
## confdefs.h. ##
## ----------- ##

/* confdefs.h */
#define PACKAGE_NAME "rnnoise"
#define PACKAGE_TARNAME "rnnoise"
#define PACKAGE_VERSION "unknown"
#define PACKAGE_STRING "rnnoise unknown"
#define PACKAGE_BUGREPORT "jmvalin@jmvalin.ca"
#define PACKAGE_URL ""
#define HAVE_STDIO_H 1
#define HAVE_STDLIB_H 1
#define HAVE_STRING_H 1
#define HAVE_INTTYPES_H 1
#define HAVE_STDINT_H 1
#define HAVE_STRINGS_H 1
#define HAVE_SYS_STAT_H 1
#define HAVE_SYS_TYPES_H 1
#define HAVE_UNISTD_H 1
#define HAVE_WCHAR_H 1
#define STDC_HEADERS 1
#define _ALL_SOURCE 1
#define _COSMO_SOURCE 1
#define _DARWIN_C_SOURCE 1
#define _GNU_SOURCE 1
#define _HPUX_ALT_XOPEN_SOCKET_API 1
#define _NETBSD_SOURCE 1
#define _OPENBSD_SOURCE 1
#define _POSIX_PTHREAD_SEMANTICS 1
#define __STDC_WANT_IEC_60559_ATTRIBS_EXT__ 1
#define __STDC_WANT_IEC_60559_BFP_EXT__ 1
#define __STDC_WANT_IEC_60559_DFP_EXT__ 1
#define __STDC_WANT_IEC_60559_EXT__ 1
#define __STDC_WANT_IEC_60559_FUNCS_EXT__ 1
#define __STDC_WANT_IEC_60559_TYPES_EXT__ 1
#define __STDC_WANT_LIB_EXT2__ 1
#define __STDC_WANT_MATH_SPEC_FUNCS__ 1
#define _TANDEM_SOURCE 1
#define __EXTENSIONS__ 1
#define HAVE_DLFCN_H 1
#define LT_OBJDIR ".libs/"
#define RNNOISE_BUILD /**/
#define _WIN32_WINNT 0x501
#define DISABLE_DEBUG_FLOAT 1
#define SUPPORT_ATTRIBUTE_VISIBILITY_DEFAULT 1
#define SUPPORT_FLAG_VISIBILITY 1

configure: exit 
